Build started 5.10.2015 11:43:13.
     1>Project "C:\Users\mohamma1\Desktop\BScOR\source\development\ply_to_embedding\ply_to_embedding.vcxproj" on node 2 (Build target(s)).
     1>ClCompile:
         C:\Program Files (x86)\Microsoft Visual Studio 12.0\VC\bin\x86_amd64\CL.exe /c /Zi /nologo /W3 /WX- /Od /D WIN32 /D _DEBUG /D _CONSOLE /Gm /EHsc /RTC1 /MDd /GS /fp:precise /Zc:wchar_t /Zc:forScope /Fo"x64\Debug\\" /Fd"x64\Debug\vc120.pdb" /Gd /TP /errorReport:prompt ply_to_embedding.cpp
         ply_to_embedding.cpp
     1>ply_to_embedding.cpp(139): warning C4996: 'strcpy': This function or variable may be unsafe. Consider using strcpy_s instead. To disable deprecation, use _CRT_SECURE_NO_WARNINGS. See online help for details.
                 C:\Program Files (x86)\Microsoft Visual Studio 12.0\VC\include\string.h(112) : see declaration of 'strcpy'
     1>ply_to_embedding.cpp(153): warning C4996: 'strcpy': This function or variable may be unsafe. Consider using strcpy_s instead. To disable deprecation, use _CRT_SECURE_NO_WARNINGS. See online help for details.
                 C:\Program Files (x86)\Microsoft Visual Studio 12.0\VC\include\string.h(112) : see declaration of 'strcpy'
     1>ply_to_embedding.cpp(173): warning C4996: 'strcpy': This function or variable may be unsafe. Consider using strcpy_s instead. To disable deprecation, use _CRT_SECURE_NO_WARNINGS. See online help for details.
                 C:\Program Files (x86)\Microsoft Visual Studio 12.0\VC\include\string.h(112) : see declaration of 'strcpy'
     1>ply_to_embedding.cpp(174): warning C4996: 'strtok': This function or variable may be unsafe. Consider using strtok_s instead. To disable deprecation, use _CRT_SECURE_NO_WARNINGS. See online help for details.
                 C:\Program Files (x86)\Microsoft Visual Studio 12.0\VC\include\string.h(204) : see declaration of 'strtok'
     1>ply_to_embedding.cpp(179): warning C4996: 'strtok': This function or variable may be unsafe. Consider using strtok_s instead. To disable deprecation, use _CRT_SECURE_NO_WARNINGS. See online help for details.
                 C:\Program Files (x86)\Microsoft Visual Studio 12.0\VC\include\string.h(204) : see declaration of 'strtok'
       Link:
         C:\Program Files (x86)\Microsoft Visual Studio 12.0\VC\bin\x86_amd64\link.exe /ERRORREPORT:PROMPT /OUT:"C:\Users\mohamma1\Desktop\BScOR\source\development\ply_to_embedding\x64\Debug\ply_to_embedding.exe" /INCREMENTAL /NOLOGO kernel32.lib user32.lib gdi32.lib winspool.lib comdlg32.lib advapi32.lib shell32.lib ole32.lib oleaut32.lib uuid.lib odbc32.lib odbccp32.lib /MANIFEST /MANIFESTUAC:"level='asInvoker' uiAccess='false'" /manifest:embed /DEBUG /PDB:"C:\Users\mohamma1\Desktop\BScOR\source\development\ply_to_embedding\x64\Debug\ply_to_embedding.pdb" /SUBSYSTEM:CONSOLE /TLBID:1 /DYNAMICBASE /NXCOMPAT /IMPLIB:"C:\Users\mohamma1\Desktop\BScOR\source\development\ply_to_embedding\x64\Debug\ply_to_embedding.lib" /MACHINE:X64 x64\Debug\ply_to_embedding.obj
         ply_to_embedding.vcxproj -> C:\Users\mohamma1\Desktop\BScOR\source\development\ply_to_embedding\x64\Debug\ply_to_embedding.exe
     1>Done Building Project "C:\Users\mohamma1\Desktop\BScOR\source\development\ply_to_embedding\ply_to_embedding.vcxproj" (Build target(s)).

Build succeeded.

Time Elapsed 00:00:01.08
