Build started 19.12.2014 17:54:16.
     1>Project "C:\Users\mohamma1\Desktop\origami\release\code\embed_planar\embed_planar.vcxproj" on node 2 (Build target(s)).
     1>ClCompile:
         C:\Program Files (x86)\Microsoft Visual Studio 12.0\VC\bin\CL.exe /c /IC:\Users\mohamma1\boost_1_57_0 /Zi /nologo /W3 /WX- /O2 /Oy- /D WIN32 /D NDEBUG /D _CONSOLE /Gm- /EHsc /MD /GS /fp:precise /Zc:wchar_t /Zc:forScope /Fo"Release\\" /Fd"Release\vc120.pdb" /Gd /TP /analyze- /errorReport:prompt boost_graph_helper.cpp embed_planar.cpp
         boost_graph_helper.cpp
     1>boost_graph_helper.cpp(139): warning C4996: 'sscanf': This function or variable may be unsafe. Consider using sscanf_s instead. To disable deprecation, use _CRT_SECURE_NO_WARNINGS. See online help for details.
                 C:\Program Files (x86)\Microsoft Visual Studio 12.0\VC\include\stdio.h(304) : see declaration of 'sscanf'
     1>boost_graph_helper.cpp(144): warning C4996: 'sscanf': This function or variable may be unsafe. Consider using sscanf_s instead. To disable deprecation, use _CRT_SECURE_NO_WARNINGS. See online help for details.
                 C:\Program Files (x86)\Microsoft Visual Studio 12.0\VC\include\stdio.h(304) : see declaration of 'sscanf'
     1>boost_graph_helper.cpp(228): warning C4996: 'sscanf': This function or variable may be unsafe. Consider using sscanf_s instead. To disable deprecation, use _CRT_SECURE_NO_WARNINGS. See online help for details.
                 C:\Program Files (x86)\Microsoft Visual Studio 12.0\VC\include\stdio.h(304) : see declaration of 'sscanf'
         embed_planar.cpp
     1>embed_planar.cpp(20): warning C4005: 'NDEBUG' : macro redefinition
                 command-line arguments :  see previous definition of 'NDEBUG'
         Generating Code...
       Link:
         C:\Program Files (x86)\Microsoft Visual Studio 12.0\VC\bin\link.exe /ERRORREPORT:PROMPT /OUT:"C:\Users\mohamma1\Desktop\origami\release\code\embed_planar\Release\embed_planar.exe" /INCREMENTAL /NOLOGO kernel32.lib user32.lib gdi32.lib winspool.lib comdlg32.lib advapi32.lib shell32.lib ole32.lib oleaut32.lib uuid.lib odbc32.lib odbccp32.lib /MANIFEST /MANIFESTUAC:"level='asInvoker' uiAccess='false'" /manifest:embed /DEBUG /PDB:"C:\Users\mohamma1\Desktop\origami\release\code\embed_planar\Release\embed_planar.pdb" /SUBSYSTEM:CONSOLE /OPT:REF /OPT:ICF /TLBID:1 /DYNAMICBASE /NXCOMPAT /IMPLIB:"C:\Users\mohamma1\Desktop\origami\release\code\embed_planar\Release\embed_planar.lib" /MACHINE:X86 /SAFESEH Release\boost_graph_helper.obj
         Release\embed_planar.obj
     1>LINK : warning LNK4075: ignoring '/INCREMENTAL' due to '/OPT:ICF' specification
         embed_planar.vcxproj -> C:\Users\mohamma1\Desktop\origami\release\code\embed_planar\Release\embed_planar.exe
     1>Done Building Project "C:\Users\mohamma1\Desktop\origami\release\code\embed_planar\embed_planar.vcxproj" (Build target(s)).

Build succeeded.

Time Elapsed 00:00:06.92
