Build started 17.12.2014 16:28:03.
     1>Project "C:\Users\mohamma1\Desktop\origami\release\code\Atrail_search\Atrail_search.vcxproj" on node 2 (Rebuild target(s)).
     1>ClCompile:
         C:\Program Files (x86)\Microsoft Visual Studio 12.0\VC\bin\CL.exe /c /IC:\Users\mohamma1\boost_1_57_0 /Zi /nologo /W3 /WX- /Od /Oy- /D WIN32 /D _DEBUG /D _CONSOLE /Gm /EHsc /RTC1 /MDd /GS /fp:precise /Zc:wchar_t /Zc:forScope /Fo"Debug\\" /Fd"Debug\vc120.pdb" /Gd /TP /analyze- /errorReport:prompt Atrail.cpp Atrail_search.cpp boost_graph_helper.cpp
         boost_graph_helper.cpp
     1>boost_graph_helper.cpp(139): warning C4996: 'sscanf': This function or variable may be unsafe. Consider using sscanf_s instead. To disable deprecation, use _CRT_SECURE_NO_WARNINGS. See online help for details.
                 C:\Program Files (x86)\Microsoft Visual Studio 12.0\VC\include\stdio.h(304) : see declaration of 'sscanf'
     1>boost_graph_helper.cpp(144): warning C4996: 'sscanf': This function or variable may be unsafe. Consider using sscanf_s instead. To disable deprecation, use _CRT_SECURE_NO_WARNINGS. See online help for details.
                 C:\Program Files (x86)\Microsoft Visual Studio 12.0\VC\include\stdio.h(304) : see declaration of 'sscanf'
     1>boost_graph_helper.cpp(228): warning C4996: 'sscanf': This function or variable may be unsafe. Consider using sscanf_s instead. To disable deprecation, use _CRT_SECURE_NO_WARNINGS. See online help for details.
                 C:\Program Files (x86)\Microsoft Visual Studio 12.0\VC\include\stdio.h(304) : see declaration of 'sscanf'
         Atrail_search.cpp
         Atrail.cpp
     1>Atrail.cpp(458): warning C4018: '<' : signed/unsigned mismatch
     1>Atrail.cpp(475): warning C4018: '<' : signed/unsigned mismatch
     1>Atrail.cpp(493): warning C4018: '<' : signed/unsigned mismatch
     1>Atrail.cpp(508): warning C4018: '<' : signed/unsigned mismatch
         Generating Code...
       Link:
         C:\Program Files (x86)\Microsoft Visual Studio 12.0\VC\bin\link.exe /ERRORREPORT:PROMPT /OUT:"C:\Users\mohamma1\Desktop\origami\release\code\Atrail_search\Debug\Atrail_search.exe" /INCREMENTAL /NOLOGO kernel32.lib user32.lib gdi32.lib winspool.lib comdlg32.lib advapi32.lib shell32.lib ole32.lib oleaut32.lib uuid.lib odbc32.lib odbccp32.lib /MANIFEST /MANIFESTUAC:"level='asInvoker' uiAccess='false'" /manifest:embed /DEBUG /PDB:"C:\Users\mohamma1\Desktop\origami\release\code\Atrail_search\Debug\Atrail_search.pdb" /SUBSYSTEM:CONSOLE /TLBID:1 /DYNAMICBASE /NXCOMPAT /IMPLIB:"C:\Users\mohamma1\Desktop\origami\release\code\Atrail_search\Debug\Atrail_search.lib" /MACHINE:X86 Debug\Atrail.obj
         Debug\Atrail_search.obj
         Debug\boost_graph_helper.obj
         Atrail_search.vcxproj -> C:\Users\mohamma1\Desktop\origami\release\code\Atrail_search\Debug\Atrail_search.exe
     1>Done Building Project "C:\Users\mohamma1\Desktop\origami\release\code\Atrail_search\Atrail_search.vcxproj" (Rebuild target(s)).

Build succeeded.

Time Elapsed 00:00:09.54
